INFO:__main__:Processing inputs/lpairs_data_Oct9/data_SingleMuon_Run2017E_PromptReco-v1.txt using LFVMuTauAnalyser.py, the output file will be results/lpairs_data_Oct9/LFVMuTauAnalyser/data_SingleMuon_Run2017E_PromptReco-v1.root
INFO:__main__:Generating submit scripts in /nfs_scratch/psiddire/tmpvt35ywLFVMuTauAnalyser-data_SingleMuon_Run2017E_PromptReco-v1
INFO:FinalStateAnalysis.PlotTools.MegaPath:Checking inputs file inputs/lpairs_data_Oct9/data_SingleMuon_Run2017E_PromptReco-v1.txt exists...
INFO:__main__:Running over 1138 files in 114 jobs
Generating submit files in /nfs_scratch/psiddire/tmpvt35ywLFVMuTauAnalyser-data_SingleMuon_Run2017E_PromptReco-v1/analyze...
..................................................................................................................
Submit DAG file /nfs_scratch/psiddire/tmpvt35ywLFVMuTauAnalyser-data_SingleMuon_Run2017E_PromptReco-v1/job.dag has been created but not submitted.
Jobs for Analyze are created in /nfs_scratch/psiddire/tmpvt35ywLFVMuTauAnalyser-data_SingleMuon_Run2017E_PromptReco-v1/analyze
Using HADD method to merge files
Increasing vsize limit from 3000 MB to 6000 MB
Copying 52037567 bytes file:///nfs_scratch/psiddire/tmpvt35ywLFVMuTauAnalyser-data_SingleMuon_Run2017E_PromptReco-v1/MergeLayer0/user_code.tgz => srm://cmssrm2.hep.wisc.edu:8443/srm/v2/server?SFN=/hdfs/HighReplicaCondorUserFiles//nfs_scratch/psiddire/tmpvt35ywLFVMuTauAnalyser-data_SingleMuon_Run2017E_PromptReco-v1/MergeLayer0/user_code.tgz
Generating submit files in /nfs_scratch/psiddire/tmpvt35ywLFVMuTauAnalyser-data_SingleMuon_Run2017E_PromptReco-v1/MergeLayer0...
............
Submit DAG file /nfs_scratch/psiddire/tmpvt35ywLFVMuTauAnalyser-data_SingleMuon_Run2017E_PromptReco-v1/job.dag has been created but not submitted.
Jobs for MergeLayer0 are created in /nfs_scratch/psiddire/tmpvt35ywLFVMuTauAnalyser-data_SingleMuon_Run2017E_PromptReco-v1/MergeLayer0
Using HADD method to merge files
Increasing vsize limit from 3000 MB to 6000 MB
Copying 52037567 bytes file:///nfs_scratch/psiddire/tmpvt35ywLFVMuTauAnalyser-data_SingleMuon_Run2017E_PromptReco-v1/MergeLayer1/user_code.tgz => srm://cmssrm2.hep.wisc.edu:8443/srm/v2/server?SFN=/hdfs/HighReplicaCondorUserFiles//nfs_scratch/psiddire/tmpvt35ywLFVMuTauAnalyser-data_SingleMuon_Run2017E_PromptReco-v1/MergeLayer1/user_code.tgz
Generating submit files in /nfs_scratch/psiddire/tmpvt35ywLFVMuTauAnalyser-data_SingleMuon_Run2017E_PromptReco-v1/MergeLayer1...
..
Submit DAG file /nfs_scratch/psiddire/tmpvt35ywLFVMuTauAnalyser-data_SingleMuon_Run2017E_PromptReco-v1/job.dag has been created but not submitted.
Jobs for MergeLayer1 are created in /nfs_scratch/psiddire/tmpvt35ywLFVMuTauAnalyser-data_SingleMuon_Run2017E_PromptReco-v1/MergeLayer1
Using HADD method to merge files
Increasing vsize limit from 3000 MB to 6000 MB
Copying 52037567 bytes file:///nfs_scratch/psiddire/tmpvt35ywLFVMuTauAnalyser-data_SingleMuon_Run2017E_PromptReco-v1/FinalMerged/user_code.tgz => srm://cmssrm2.hep.wisc.edu:8443/srm/v2/server?SFN=/hdfs/HighReplicaCondorUserFiles//nfs_scratch/psiddire/tmpvt35ywLFVMuTauAnalyser-data_SingleMuon_Run2017E_PromptReco-v1/FinalMerged/user_code.tgz
Generating submit files in /nfs_scratch/psiddire/tmpvt35ywLFVMuTauAnalyser-data_SingleMuon_Run2017E_PromptReco-v1/FinalMerged...
.
Submitting job(s).
1 job(s) submitted to cluster 2390768.

-----------------------------------------------------------------------
File for submitting this DAG to HTCondor           : /nfs_scratch/psiddire/tmpvt35ywLFVMuTauAnalyser-data_SingleMuon_Run2017E_PromptReco-v1/job.dag.condor.sub
Log of DAGMan debugging messages                 : /nfs_scratch/psiddire/tmpvt35ywLFVMuTauAnalyser-data_SingleMuon_Run2017E_PromptReco-v1/job.dag.dagman.out
Log of HTCondor library output                     : /nfs_scratch/psiddire/tmpvt35ywLFVMuTauAnalyser-data_SingleMuon_Run2017E_PromptReco-v1/job.dag.lib.out
Log of HTCondor library error messages             : /nfs_scratch/psiddire/tmpvt35ywLFVMuTauAnalyser-data_SingleMuon_Run2017E_PromptReco-v1/job.dag.lib.err
Log of the life of condor_dagman itself          : /nfs_scratch/psiddire/tmpvt35ywLFVMuTauAnalyser-data_SingleMuon_Run2017E_PromptReco-v1/job.dag.dagman.log

-----------------------------------------------------------------------
You can monitor your workflow's progess by watching /nfs_scratch/psiddire/tmpvt35ywLFVMuTauAnalyser-data_SingleMuon_Run2017E_PromptReco-v1/job.dag.dagman.out
A summary of the status of all of the jobs in your workflow will be
written to the following file every 60 seconds:
  /nfs_scratch/psiddire/tmpvt35ywLFVMuTauAnalyser-data_SingleMuon_Run2017E_PromptReco-v1/job.dag.status

Your jobs should show up in ~6 minutes
at the NEW job monitoring web page :
    http://www.hep.wisc.edu/cms/comp/jobs/
Jobs for FinalMerged are created in /nfs_scratch/psiddire/tmpvt35ywLFVMuTauAnalyser-data_SingleMuon_Run2017E_PromptReco-v1/FinalMerged
INFO:__main__:Waiting for job to complete
INFO:__main__:/nfs_scratch/psiddire/tmpvt35ywLFVMuTauAnalyser-data_SingleMuon_Run2017E_PromptReco-v1/job.dag: STATUS_SUBMITTED stats: [33mSTATUS_SUBMITTED[0m(15) [34mSTATUS_NOT_READY[0m(15) [36mSTATUS_READY[0m(99)
INFO:__main__:/nfs_scratch/psiddire/tmpvt35ywLFVMuTauAnalyser-data_SingleMuon_Run2017E_PromptReco-v1/job.dag: STATUS_SUBMITTED stats: [33mSTATUS_SUBMITTED[0m(15) [34mSTATUS_NOT_READY[0m(15) [36mSTATUS_READY[0m(99)
INFO:__main__:/nfs_scratch/psiddire/tmpvt35ywLFVMuTauAnalyser-data_SingleMuon_Run2017E_PromptReco-v1/job.dag: STATUS_SUBMITTED stats: [33mSTATUS_SUBMITTED[0m(15) [34mSTATUS_NOT_READY[0m(15) [36mSTATUS_READY[0m(99)
INFO:__main__:/nfs_scratch/psiddire/tmpvt35ywLFVMuTauAnalyser-data_SingleMuon_Run2017E_PromptReco-v1/job.dag: STATUS_SUBMITTED stats: [33mSTATUS_SUBMITTED[0m(15) [34mSTATUS_NOT_READY[0m(15) [36mSTATUS_READY[0m(99)
INFO:__main__:/nfs_scratch/psiddire/tmpvt35ywLFVMuTauAnalyser-data_SingleMuon_Run2017E_PromptReco-v1/job.dag: STATUS_SUBMITTED stats: [33mSTATUS_SUBMITTED[0m(15) [34mSTATUS_NOT_READY[0m(15) [36mSTATUS_READY[0m(99)
INFO:__main__:/nfs_scratch/psiddire/tmpvt35ywLFVMuTauAnalyser-data_SingleMuon_Run2017E_PromptReco-v1/job.dag: STATUS_SUBMITTED stats: [33mSTATUS_SUBMITTED[0m(15) [34mSTATUS_NOT_READY[0m(15) [36mSTATUS_READY[0m(99)
INFO:__main__:/nfs_scratch/psiddire/tmpvt35ywLFVMuTauAnalyser-data_SingleMuon_Run2017E_PromptReco-v1/job.dag: STATUS_SUBMITTED stats: [33mSTATUS_SUBMITTED[0m(114) [34mSTATUS_NOT_READY[0m(15)
INFO:__main__:/nfs_scratch/psiddire/tmpvt35ywLFVMuTauAnalyser-data_SingleMuon_Run2017E_PromptReco-v1/job.dag: STATUS_SUBMITTED stats: [33mSTATUS_SUBMITTED[0m(114) [34mSTATUS_NOT_READY[0m(15)
INFO:__main__:/nfs_scratch/psiddire/tmpvt35ywLFVMuTauAnalyser-data_SingleMuon_Run2017E_PromptReco-v1/job.dag: STATUS_SUBMITTED stats: [33mSTATUS_SUBMITTED[0m(114) [34mSTATUS_NOT_READY[0m(15)
INFO:__main__:/nfs_scratch/psiddire/tmpvt35ywLFVMuTauAnalyser-data_SingleMuon_Run2017E_PromptReco-v1/job.dag: STATUS_SUBMITTED stats: [33mSTATUS_SUBMITTED[0m(114) [34mSTATUS_NOT_READY[0m(15)
INFO:__main__:/nfs_scratch/psiddire/tmpvt35ywLFVMuTauAnalyser-data_SingleMuon_Run2017E_PromptReco-v1/job.dag: STATUS_SUBMITTED stats: [33mSTATUS_SUBMITTED[0m(114) [34mSTATUS_NOT_READY[0m(15)
INFO:__main__:/nfs_scratch/psiddire/tmpvt35ywLFVMuTauAnalyser-data_SingleMuon_Run2017E_PromptReco-v1/job.dag: STATUS_SUBMITTED stats: [33mSTATUS_SUBMITTED[0m(114) [34mSTATUS_NOT_READY[0m(15)
INFO:__main__:/nfs_scratch/psiddire/tmpvt35ywLFVMuTauAnalyser-data_SingleMuon_Run2017E_PromptReco-v1/job.dag: STATUS_SUBMITTED stats: [33mSTATUS_SUBMITTED[0m(114) [34mSTATUS_NOT_READY[0m(15)
INFO:__main__:/nfs_scratch/psiddire/tmpvt35ywLFVMuTauAnalyser-data_SingleMuon_Run2017E_PromptReco-v1/job.dag: STATUS_SUBMITTED stats: [33mSTATUS_SUBMITTED[0m(114) [34mSTATUS_NOT_READY[0m(15)
INFO:__main__:/nfs_scratch/psiddire/tmpvt35ywLFVMuTauAnalyser-data_SingleMuon_Run2017E_PromptReco-v1/job.dag: STATUS_SUBMITTED stats: [33mSTATUS_SUBMITTED[0m(114) [34mSTATUS_NOT_READY[0m(15)
INFO:__main__:/nfs_scratch/psiddire/tmpvt35ywLFVMuTauAnalyser-data_SingleMuon_Run2017E_PromptReco-v1/job.dag: STATUS_SUBMITTED stats: [33mSTATUS_SUBMITTED[0m(114) [34mSTATUS_NOT_READY[0m(15)
INFO:__main__:/nfs_scratch/psiddire/tmpvt35ywLFVMuTauAnalyser-data_SingleMuon_Run2017E_PromptReco-v1/job.dag: STATUS_SUBMITTED stats: [33mSTATUS_SUBMITTED[0m(114) [34mSTATUS_NOT_READY[0m(15)
INFO:__main__:/nfs_scratch/psiddire/tmpvt35ywLFVMuTauAnalyser-data_SingleMuon_Run2017E_PromptReco-v1/job.dag: STATUS_SUBMITTED stats: [33mSTATUS_SUBMITTED[0m(114) [34mSTATUS_NOT_READY[0m(15)
INFO:__main__:/nfs_scratch/psiddire/tmpvt35ywLFVMuTauAnalyser-data_SingleMuon_Run2017E_PromptReco-v1/job.dag: STATUS_SUBMITTED stats: [33mSTATUS_SUBMITTED[0m(114) [34mSTATUS_NOT_READY[0m(15)
INFO:__main__:/nfs_scratch/psiddire/tmpvt35ywLFVMuTauAnalyser-data_SingleMuon_Run2017E_PromptReco-v1/job.dag: STATUS_SUBMITTED stats: [33mSTATUS_SUBMITTED[0m(114) [34mSTATUS_NOT_READY[0m(15)
INFO:__main__:/nfs_scratch/psiddire/tmpvt35ywLFVMuTauAnalyser-data_SingleMuon_Run2017E_PromptReco-v1/job.dag: STATUS_SUBMITTED stats: [33mSTATUS_SUBMITTED[0m(114) [34mSTATUS_NOT_READY[0m(15)
INFO:__main__:/nfs_scratch/psiddire/tmpvt35ywLFVMuTauAnalyser-data_SingleMuon_Run2017E_PromptReco-v1/job.dag: STATUS_SUBMITTED stats: [33mSTATUS_SUBMITTED[0m(114) [34mSTATUS_NOT_READY[0m(15)
INFO:__main__:/nfs_scratch/psiddire/tmpvt35ywLFVMuTauAnalyser-data_SingleMuon_Run2017E_PromptReco-v1/job.dag: STATUS_SUBMITTED stats: [33mSTATUS_SUBMITTED[0m(114) [34mSTATUS_NOT_READY[0m(15)
INFO:__main__:/nfs_scratch/psiddire/tmpvt35ywLFVMuTauAnalyser-data_SingleMuon_Run2017E_PromptReco-v1/job.dag: STATUS_SUBMITTED stats: [33mSTATUS_SUBMITTED[0m(114) [34mSTATUS_NOT_READY[0m(15)
INFO:__main__:/nfs_scratch/psiddire/tmpvt35ywLFVMuTauAnalyser-data_SingleMuon_Run2017E_PromptReco-v1/job.dag: STATUS_SUBMITTED stats: [33mSTATUS_SUBMITTED[0m(114) [34mSTATUS_NOT_READY[0m(15)
INFO:__main__:/nfs_scratch/psiddire/tmpvt35ywLFVMuTauAnalyser-data_SingleMuon_Run2017E_PromptReco-v1/job.dag: STATUS_SUBMITTED stats: [33mSTATUS_SUBMITTED[0m(114) [34mSTATUS_NOT_READY[0m(15)
INFO:__main__:/nfs_scratch/psiddire/tmpvt35ywLFVMuTauAnalyser-data_SingleMuon_Run2017E_PromptReco-v1/job.dag: STATUS_SUBMITTED stats: [33mSTATUS_SUBMITTED[0m(114) [34mSTATUS_NOT_READY[0m(15)
INFO:__main__:/nfs_scratch/psiddire/tmpvt35ywLFVMuTauAnalyser-data_SingleMuon_Run2017E_PromptReco-v1/job.dag: STATUS_SUBMITTED stats: [33mSTATUS_SUBMITTED[0m(114) [34mSTATUS_NOT_READY[0m(15)
INFO:__main__:/nfs_scratch/psiddire/tmpvt35ywLFVMuTauAnalyser-data_SingleMuon_Run2017E_PromptReco-v1/job.dag: STATUS_SUBMITTED stats: [33mSTATUS_SUBMITTED[0m(114) [34mSTATUS_NOT_READY[0m(15)
INFO:__main__:/nfs_scratch/psiddire/tmpvt35ywLFVMuTauAnalyser-data_SingleMuon_Run2017E_PromptReco-v1/job.dag: STATUS_SUBMITTED stats: [33mSTATUS_SUBMITTED[0m(114) [34mSTATUS_NOT_READY[0m(15)
INFO:__main__:/nfs_scratch/psiddire/tmpvt35ywLFVMuTauAnalyser-data_SingleMuon_Run2017E_PromptReco-v1/job.dag: STATUS_SUBMITTED stats: [33mSTATUS_SUBMITTED[0m(114) [34mSTATUS_NOT_READY[0m(15)
INFO:__main__:/nfs_scratch/psiddire/tmpvt35ywLFVMuTauAnalyser-data_SingleMuon_Run2017E_PromptReco-v1/job.dag: STATUS_SUBMITTED stats: [33mSTATUS_SUBMITTED[0m(114) [34mSTATUS_NOT_READY[0m(15)
INFO:__main__:/nfs_scratch/psiddire/tmpvt35ywLFVMuTauAnalyser-data_SingleMuon_Run2017E_PromptReco-v1/job.dag: STATUS_SUBMITTED stats: [33mSTATUS_SUBMITTED[0m(114) [34mSTATUS_NOT_READY[0m(15)
INFO:__main__:/nfs_scratch/psiddire/tmpvt35ywLFVMuTauAnalyser-data_SingleMuon_Run2017E_PromptReco-v1/job.dag: STATUS_SUBMITTED stats: [33mSTATUS_SUBMITTED[0m(114) [34mSTATUS_NOT_READY[0m(15)
INFO:__main__:/nfs_scratch/psiddire/tmpvt35ywLFVMuTauAnalyser-data_SingleMuon_Run2017E_PromptReco-v1/job.dag: STATUS_SUBMITTED stats: [33mSTATUS_SUBMITTED[0m(114) [34mSTATUS_NOT_READY[0m(15)
INFO:__main__:/nfs_scratch/psiddire/tmpvt35ywLFVMuTauAnalyser-data_SingleMuon_Run2017E_PromptReco-v1/job.dag: STATUS_SUBMITTED stats: [33mSTATUS_SUBMITTED[0m(114) [34mSTATUS_NOT_READY[0m(15)
INFO:__main__:/nfs_scratch/psiddire/tmpvt35ywLFVMuTauAnalyser-data_SingleMuon_Run2017E_PromptReco-v1/job.dag: STATUS_SUBMITTED stats: [33mSTATUS_SUBMITTED[0m(114) [34mSTATUS_NOT_READY[0m(15)
INFO:__main__:/nfs_scratch/psiddire/tmpvt35ywLFVMuTauAnalyser-data_SingleMuon_Run2017E_PromptReco-v1/job.dag: STATUS_SUBMITTED stats: [33mSTATUS_SUBMITTED[0m(114) [34mSTATUS_NOT_READY[0m(15)
INFO:__main__:/nfs_scratch/psiddire/tmpvt35ywLFVMuTauAnalyser-data_SingleMuon_Run2017E_PromptReco-v1/job.dag: STATUS_SUBMITTED stats: [33mSTATUS_SUBMITTED[0m(114) [34mSTATUS_NOT_READY[0m(15)
INFO:__main__:/nfs_scratch/psiddire/tmpvt35ywLFVMuTauAnalyser-data_SingleMuon_Run2017E_PromptReco-v1/job.dag: STATUS_SUBMITTED stats: [33mSTATUS_SUBMITTED[0m(114) [34mSTATUS_NOT_READY[0m(15)
INFO:__main__:/nfs_scratch/psiddire/tmpvt35ywLFVMuTauAnalyser-data_SingleMuon_Run2017E_PromptReco-v1/job.dag: STATUS_SUBMITTED stats: [33mSTATUS_SUBMITTED[0m(114) [34mSTATUS_NOT_READY[0m(15)
INFO:__main__:/nfs_scratch/psiddire/tmpvt35ywLFVMuTauAnalyser-data_SingleMuon_Run2017E_PromptReco-v1/job.dag: STATUS_SUBMITTED stats: [33mSTATUS_SUBMITTED[0m(114) [34mSTATUS_NOT_READY[0m(15)
INFO:__main__:/nfs_scratch/psiddire/tmpvt35ywLFVMuTauAnalyser-data_SingleMuon_Run2017E_PromptReco-v1/job.dag: STATUS_SUBMITTED stats: [33mSTATUS_SUBMITTED[0m(114) [34mSTATUS_NOT_READY[0m(15)
INFO:__main__:/nfs_scratch/psiddire/tmpvt35ywLFVMuTauAnalyser-data_SingleMuon_Run2017E_PromptReco-v1/job.dag: STATUS_SUBMITTED stats: [33mSTATUS_SUBMITTED[0m(114) [34mSTATUS_NOT_READY[0m(15)
INFO:__main__:/nfs_scratch/psiddire/tmpvt35ywLFVMuTauAnalyser-data_SingleMuon_Run2017E_PromptReco-v1/job.dag: STATUS_SUBMITTED stats: [33mSTATUS_SUBMITTED[0m(114) [34mSTATUS_NOT_READY[0m(15)
INFO:__main__:/nfs_scratch/psiddire/tmpvt35ywLFVMuTauAnalyser-data_SingleMuon_Run2017E_PromptReco-v1/job.dag: STATUS_SUBMITTED stats: [33mSTATUS_SUBMITTED[0m(114) [34mSTATUS_NOT_READY[0m(15)
INFO:__main__:/nfs_scratch/psiddire/tmpvt35ywLFVMuTauAnalyser-data_SingleMuon_Run2017E_PromptReco-v1/job.dag: STATUS_SUBMITTED stats: [33mSTATUS_SUBMITTED[0m(114) [34mSTATUS_NOT_READY[0m(15)
INFO:__main__:/nfs_scratch/psiddire/tmpvt35ywLFVMuTauAnalyser-data_SingleMuon_Run2017E_PromptReco-v1/job.dag: STATUS_SUBMITTED stats: [33mSTATUS_SUBMITTED[0m(114) [34mSTATUS_NOT_READY[0m(15)
INFO:__main__:/nfs_scratch/psiddire/tmpvt35ywLFVMuTauAnalyser-data_SingleMuon_Run2017E_PromptReco-v1/job.dag: STATUS_SUBMITTED stats: [33mSTATUS_SUBMITTED[0m(114) [34mSTATUS_NOT_READY[0m(15)
INFO:__main__:/nfs_scratch/psiddire/tmpvt35ywLFVMuTauAnalyser-data_SingleMuon_Run2017E_PromptReco-v1/job.dag: STATUS_SUBMITTED stats: [33mSTATUS_SUBMITTED[0m(114) [34mSTATUS_NOT_READY[0m(15)
INFO:__main__:/nfs_scratch/psiddire/tmpvt35ywLFVMuTauAnalyser-data_SingleMuon_Run2017E_PromptReco-v1/job.dag: STATUS_SUBMITTED stats: [33mSTATUS_SUBMITTED[0m(114) [34mSTATUS_NOT_READY[0m(15)
INFO:__main__:/nfs_scratch/psiddire/tmpvt35ywLFVMuTauAnalyser-data_SingleMuon_Run2017E_PromptReco-v1/job.dag: STATUS_SUBMITTED stats: [33mSTATUS_SUBMITTED[0m(114) [34mSTATUS_NOT_READY[0m(15)
INFO:__main__:/nfs_scratch/psiddire/tmpvt35ywLFVMuTauAnalyser-data_SingleMuon_Run2017E_PromptReco-v1/job.dag: STATUS_SUBMITTED stats: [33mSTATUS_SUBMITTED[0m(114) [34mSTATUS_NOT_READY[0m(15)
INFO:__main__:/nfs_scratch/psiddire/tmpvt35ywLFVMuTauAnalyser-data_SingleMuon_Run2017E_PromptReco-v1/job.dag: STATUS_SUBMITTED stats: [33mSTATUS_SUBMITTED[0m(114) [34mSTATUS_NOT_READY[0m(15)
INFO:__main__:/nfs_scratch/psiddire/tmpvt35ywLFVMuTauAnalyser-data_SingleMuon_Run2017E_PromptReco-v1/job.dag: STATUS_SUBMITTED stats: [33mSTATUS_SUBMITTED[0m(114) [34mSTATUS_NOT_READY[0m(15)
INFO:__main__:/nfs_scratch/psiddire/tmpvt35ywLFVMuTauAnalyser-data_SingleMuon_Run2017E_PromptReco-v1/job.dag: STATUS_SUBMITTED stats: [33mSTATUS_SUBMITTED[0m(114) [34mSTATUS_NOT_READY[0m(15)
INFO:__main__:/nfs_scratch/psiddire/tmpvt35ywLFVMuTauAnalyser-data_SingleMuon_Run2017E_PromptReco-v1/job.dag: STATUS_SUBMITTED stats: [33mSTATUS_SUBMITTED[0m(114) [34mSTATUS_NOT_READY[0m(15)
INFO:__main__:/nfs_scratch/psiddire/tmpvt35ywLFVMuTauAnalyser-data_SingleMuon_Run2017E_PromptReco-v1/job.dag: STATUS_SUBMITTED stats: [33mSTATUS_SUBMITTED[0m(114) [34mSTATUS_NOT_READY[0m(15)
INFO:__main__:/nfs_scratch/psiddire/tmpvt35ywLFVMuTauAnalyser-data_SingleMuon_Run2017E_PromptReco-v1/job.dag: STATUS_SUBMITTED stats: [33mSTATUS_SUBMITTED[0m(114) [34mSTATUS_NOT_READY[0m(15)
INFO:__main__:/nfs_scratch/psiddire/tmpvt35ywLFVMuTauAnalyser-data_SingleMuon_Run2017E_PromptReco-v1/job.dag: STATUS_SUBMITTED stats: [33mSTATUS_SUBMITTED[0m(114) [34mSTATUS_NOT_READY[0m(15)
INFO:__main__:/nfs_scratch/psiddire/tmpvt35ywLFVMuTauAnalyser-data_SingleMuon_Run2017E_PromptReco-v1/job.dag: STATUS_SUBMITTED stats: [33mSTATUS_SUBMITTED[0m(114) [34mSTATUS_NOT_READY[0m(15)
INFO:__main__:/nfs_scratch/psiddire/tmpvt35ywLFVMuTauAnalyser-data_SingleMuon_Run2017E_PromptReco-v1/job.dag: STATUS_SUBMITTED stats: [33mSTATUS_SUBMITTED[0m(114) [34mSTATUS_NOT_READY[0m(15)
INFO:__main__:/nfs_scratch/psiddire/tmpvt35ywLFVMuTauAnalyser-data_SingleMuon_Run2017E_PromptReco-v1/job.dag: STATUS_SUBMITTED stats: [33mSTATUS_SUBMITTED[0m(114) [34mSTATUS_NOT_READY[0m(15)
INFO:__main__:/nfs_scratch/psiddire/tmpvt35ywLFVMuTauAnalyser-data_SingleMuon_Run2017E_PromptReco-v1/job.dag: STATUS_SUBMITTED stats: [33mSTATUS_SUBMITTED[0m(114) [34mSTATUS_NOT_READY[0m(15)
INFO:__main__:/nfs_scratch/psiddire/tmpvt35ywLFVMuTauAnalyser-data_SingleMuon_Run2017E_PromptReco-v1/job.dag: STATUS_SUBMITTED stats: [33mSTATUS_SUBMITTED[0m(114) [34mSTATUS_NOT_READY[0m(15)
INFO:__main__:/nfs_scratch/psiddire/tmpvt35ywLFVMuTauAnalyser-data_SingleMuon_Run2017E_PromptReco-v1/job.dag: STATUS_SUBMITTED stats: [33mSTATUS_SUBMITTED[0m(114) [34mSTATUS_NOT_READY[0m(15)
INFO:__main__:/nfs_scratch/psiddire/tmpvt35ywLFVMuTauAnalyser-data_SingleMuon_Run2017E_PromptReco-v1/job.dag: STATUS_SUBMITTED stats: [33mSTATUS_SUBMITTED[0m(114) [34mSTATUS_NOT_READY[0m(15)
INFO:__main__:/nfs_scratch/psiddire/tmpvt35ywLFVMuTauAnalyser-data_SingleMuon_Run2017E_PromptReco-v1/job.dag: STATUS_SUBMITTED stats: [33mSTATUS_SUBMITTED[0m(114) [34mSTATUS_NOT_READY[0m(15)
INFO:__main__:/nfs_scratch/psiddire/tmpvt35ywLFVMuTauAnalyser-data_SingleMuon_Run2017E_PromptReco-v1/job.dag: STATUS_SUBMITTED stats: [33mSTATUS_SUBMITTED[0m(114) [34mSTATUS_NOT_READY[0m(15)
INFO:__main__:/nfs_scratch/psiddire/tmpvt35ywLFVMuTauAnalyser-data_SingleMuon_Run2017E_PromptReco-v1/job.dag: STATUS_SUBMITTED stats: [33mSTATUS_SUBMITTED[0m(114) [34mSTATUS_NOT_READY[0m(15)
INFO:__main__:/nfs_scratch/psiddire/tmpvt35ywLFVMuTauAnalyser-data_SingleMuon_Run2017E_PromptReco-v1/job.dag: STATUS_SUBMITTED stats: [33mSTATUS_SUBMITTED[0m(114) [34mSTATUS_NOT_READY[0m(15)
INFO:__main__:/nfs_scratch/psiddire/tmpvt35ywLFVMuTauAnalyser-data_SingleMuon_Run2017E_PromptReco-v1/job.dag: STATUS_SUBMITTED stats: [33mSTATUS_SUBMITTED[0m(114) [34mSTATUS_NOT_READY[0m(15)
INFO:__main__:/nfs_scratch/psiddire/tmpvt35ywLFVMuTauAnalyser-data_SingleMuon_Run2017E_PromptReco-v1/job.dag: STATUS_SUBMITTED stats: [33mSTATUS_SUBMITTED[0m(114) [34mSTATUS_NOT_READY[0m(15)
INFO:__main__:/nfs_scratch/psiddire/tmpvt35ywLFVMuTauAnalyser-data_SingleMuon_Run2017E_PromptReco-v1/job.dag: STATUS_SUBMITTED stats: [33mSTATUS_SUBMITTED[0m(114) [34mSTATUS_NOT_READY[0m(15)
INFO:__main__:/nfs_scratch/psiddire/tmpvt35ywLFVMuTauAnalyser-data_SingleMuon_Run2017E_PromptReco-v1/job.dag: STATUS_SUBMITTED stats: [33mSTATUS_SUBMITTED[0m(114) [34mSTATUS_NOT_READY[0m(15)
INFO:__main__:/nfs_scratch/psiddire/tmpvt35ywLFVMuTauAnalyser-data_SingleMuon_Run2017E_PromptReco-v1/job.dag: STATUS_SUBMITTED stats: [33mSTATUS_SUBMITTED[0m(114) [34mSTATUS_NOT_READY[0m(15)
INFO:__main__:/nfs_scratch/psiddire/tmpvt35ywLFVMuTauAnalyser-data_SingleMuon_Run2017E_PromptReco-v1/job.dag: STATUS_SUBMITTED stats: [33mSTATUS_SUBMITTED[0m(114) [34mSTATUS_NOT_READY[0m(15)
INFO:__main__:/nfs_scratch/psiddire/tmpvt35ywLFVMuTauAnalyser-data_SingleMuon_Run2017E_PromptReco-v1/job.dag: STATUS_SUBMITTED stats: [33mSTATUS_SUBMITTED[0m(114) [34mSTATUS_NOT_READY[0m(15)
INFO:__main__:/nfs_scratch/psiddire/tmpvt35ywLFVMuTauAnalyser-data_SingleMuon_Run2017E_PromptReco-v1/job.dag: STATUS_SUBMITTED stats: [33mSTATUS_SUBMITTED[0m(80) [32mSTATUS_DONE[0m(34) [34mSTATUS_NOT_READY[0m(15)
INFO:__main__:/nfs_scratch/psiddire/tmpvt35ywLFVMuTauAnalyser-data_SingleMuon_Run2017E_PromptReco-v1/job.dag: STATUS_SUBMITTED stats: [33mSTATUS_SUBMITTED[0m(80) [32mSTATUS_DONE[0m(34) [34mSTATUS_NOT_READY[0m(15)
INFO:__main__:/nfs_scratch/psiddire/tmpvt35ywLFVMuTauAnalyser-data_SingleMuon_Run2017E_PromptReco-v1/job.dag: STATUS_SUBMITTED stats: [33mSTATUS_SUBMITTED[0m(80) [32mSTATUS_DONE[0m(34) [34mSTATUS_NOT_READY[0m(15)
INFO:__main__:/nfs_scratch/psiddire/tmpvt35ywLFVMuTauAnalyser-data_SingleMuon_Run2017E_PromptReco-v1/job.dag: STATUS_SUBMITTED stats: [33mSTATUS_SUBMITTED[0m(80) [32mSTATUS_DONE[0m(34) [34mSTATUS_NOT_READY[0m(15)
INFO:__main__:/nfs_scratch/psiddire/tmpvt35ywLFVMuTauAnalyser-data_SingleMuon_Run2017E_PromptReco-v1/job.dag: STATUS_SUBMITTED stats: [33mSTATUS_SUBMITTED[0m(80) [32mSTATUS_DONE[0m(34) [34mSTATUS_NOT_READY[0m(15)
INFO:__main__:/nfs_scratch/psiddire/tmpvt35ywLFVMuTauAnalyser-data_SingleMuon_Run2017E_PromptReco-v1/job.dag: STATUS_SUBMITTED stats: [33mSTATUS_SUBMITTED[0m(80) [32mSTATUS_DONE[0m(34) [34mSTATUS_NOT_READY[0m(15)
INFO:__main__:/nfs_scratch/psiddire/tmpvt35ywLFVMuTauAnalyser-data_SingleMuon_Run2017E_PromptReco-v1/job.dag: STATUS_SUBMITTED stats: [33mSTATUS_SUBMITTED[0m(80) [32mSTATUS_DONE[0m(34) [34mSTATUS_NOT_READY[0m(15)
INFO:__main__:/nfs_scratch/psiddire/tmpvt35ywLFVMuTauAnalyser-data_SingleMuon_Run2017E_PromptReco-v1/job.dag: STATUS_SUBMITTED stats: [33mSTATUS_SUBMITTED[0m(12) [32mSTATUS_DONE[0m(114) [34mSTATUS_NOT_READY[0m(3)
INFO:__main__:/nfs_scratch/psiddire/tmpvt35ywLFVMuTauAnalyser-data_SingleMuon_Run2017E_PromptReco-v1/job.dag: STATUS_SUBMITTED stats: [33mSTATUS_SUBMITTED[0m(12) [32mSTATUS_DONE[0m(114) [34mSTATUS_NOT_READY[0m(3)
INFO:__main__:/nfs_scratch/psiddire/tmpvt35ywLFVMuTauAnalyser-data_SingleMuon_Run2017E_PromptReco-v1/job.dag: STATUS_SUBMITTED stats: [33mSTATUS_SUBMITTED[0m(12) [32mSTATUS_DONE[0m(114) [34mSTATUS_NOT_READY[0m(3)
INFO:__main__:/nfs_scratch/psiddire/tmpvt35ywLFVMuTauAnalyser-data_SingleMuon_Run2017E_PromptReco-v1/job.dag: STATUS_SUBMITTED stats: [33mSTATUS_SUBMITTED[0m(12) [32mSTATUS_DONE[0m(114) [34mSTATUS_NOT_READY[0m(3)
INFO:__main__:/nfs_scratch/psiddire/tmpvt35ywLFVMuTauAnalyser-data_SingleMuon_Run2017E_PromptReco-v1/job.dag: STATUS_SUBMITTED stats: [33mSTATUS_SUBMITTED[0m(12) [32mSTATUS_DONE[0m(114) [34mSTATUS_NOT_READY[0m(3)
INFO:__main__:/nfs_scratch/psiddire/tmpvt35ywLFVMuTauAnalyser-data_SingleMuon_Run2017E_PromptReco-v1/job.dag: STATUS_SUBMITTED stats: [33mSTATUS_SUBMITTED[0m(12) [32mSTATUS_DONE[0m(114) [34mSTATUS_NOT_READY[0m(3)
INFO:__main__:/nfs_scratch/psiddire/tmpvt35ywLFVMuTauAnalyser-data_SingleMuon_Run2017E_PromptReco-v1/job.dag: STATUS_SUBMITTED stats: [33mSTATUS_SUBMITTED[0m(1) [32mSTATUS_DONE[0m(128)
INFO:__main__:/nfs_scratch/psiddire/tmpvt35ywLFVMuTauAnalyser-data_SingleMuon_Run2017E_PromptReco-v1/job.dag: STATUS_SUBMITTED stats: [33mSTATUS_SUBMITTED[0m(1) [32mSTATUS_DONE[0m(128)
INFO:__main__:/nfs_scratch/psiddire/tmpvt35ywLFVMuTauAnalyser-data_SingleMuon_Run2017E_PromptReco-v1/job.dag: STATUS_SUBMITTED stats: [33mSTATUS_SUBMITTED[0m(1) [32mSTATUS_DONE[0m(128)
INFO:__main__:/nfs_scratch/psiddire/tmpvt35ywLFVMuTauAnalyser-data_SingleMuon_Run2017E_PromptReco-v1/job.dag: STATUS_DONE stats: [32mSTATUS_DONE[0m(129)
INFO:__main__:Copying final output /hdfs/store/user/psiddire/MegaJob_tmpvt35ywLFVMuTauAnalyser-data_SingleMuon_Run2017E_PromptReco-v1//mergeFilesJob-mergeFilesJob-mergeFilesJob-mega-batch-make_ntuples_cfg-FA891235-C6A7-E711-8CD4-02163E019E7C.root => results/lpairs_data_Oct9/LFVMuTauAnalyser/data_SingleMuon_Run2017E_PromptReco-v1.root
INFO:__main__:[32m/nfs_scratch/psiddire/tmpvt35ywLFVMuTauAnalyser-data_SingleMuon_Run2017E_PromptReco-v1/job.dag: job complete.[0m
