INFO:__main__:Processing inputs/LFV_mutau/VBFHToWWTo2L2Nu_M125_13TeV_powheg_pythia8_v6-v1.txt using LFVMuTauAnalyserGen.py, the output file will be results/LFV_mutau/LFVMuTauAnalyserGen/VBFHToWWTo2L2Nu_M125_13TeV_powheg_pythia8_v6-v1.root
INFO:__main__:Generating submit scripts in /nfs_scratch/psiddire/tmpdUjR8TLFVMuTauAnalyserGen-VBFHToWWTo2L2Nu_M125_13TeV_powheg_pythia8_v6-v1
INFO:FinalStateAnalysis.PlotTools.MegaPath:Checking inputs file inputs/LFV_mutau/VBFHToWWTo2L2Nu_M125_13TeV_powheg_pythia8_v6-v1.txt exists...
INFO:__main__:Running over 10 files in 1 jobs
Generating submit files in /nfs_scratch/psiddire/tmpdUjR8TLFVMuTauAnalyserGen-VBFHToWWTo2L2Nu_M125_13TeV_powheg_pythia8_v6-v1/analyze...
.
Submitting job(s).
1 job(s) submitted to cluster 2340691.

-----------------------------------------------------------------------
File for submitting this DAG to HTCondor           : /nfs_scratch/psiddire/tmpdUjR8TLFVMuTauAnalyserGen-VBFHToWWTo2L2Nu_M125_13TeV_powheg_pythia8_v6-v1/job.dag.condor.sub
Log of DAGMan debugging messages                 : /nfs_scratch/psiddire/tmpdUjR8TLFVMuTauAnalyserGen-VBFHToWWTo2L2Nu_M125_13TeV_powheg_pythia8_v6-v1/job.dag.dagman.out
Log of HTCondor library output                     : /nfs_scratch/psiddire/tmpdUjR8TLFVMuTauAnalyserGen-VBFHToWWTo2L2Nu_M125_13TeV_powheg_pythia8_v6-v1/job.dag.lib.out
Log of HTCondor library error messages             : /nfs_scratch/psiddire/tmpdUjR8TLFVMuTauAnalyserGen-VBFHToWWTo2L2Nu_M125_13TeV_powheg_pythia8_v6-v1/job.dag.lib.err
Log of the life of condor_dagman itself          : /nfs_scratch/psiddire/tmpdUjR8TLFVMuTauAnalyserGen-VBFHToWWTo2L2Nu_M125_13TeV_powheg_pythia8_v6-v1/job.dag.dagman.log

-----------------------------------------------------------------------
You can monitor your workflow's progess by watching /nfs_scratch/psiddire/tmpdUjR8TLFVMuTauAnalyserGen-VBFHToWWTo2L2Nu_M125_13TeV_powheg_pythia8_v6-v1/job.dag.dagman.out
A summary of the status of all of the jobs in your workflow will be
written to the following file every 60 seconds:
  /nfs_scratch/psiddire/tmpdUjR8TLFVMuTauAnalyserGen-VBFHToWWTo2L2Nu_M125_13TeV_powheg_pythia8_v6-v1/job.dag.status

Your jobs should show up in ~6 minutes
at the NEW job monitoring web page :
    http://www.hep.wisc.edu/cms/comp/jobs/
Jobs for Analyze are created in /nfs_scratch/psiddire/tmpdUjR8TLFVMuTauAnalyserGen-VBFHToWWTo2L2Nu_M125_13TeV_powheg_pythia8_v6-v1/analyze
INFO:__main__:Waiting for job to complete
INFO:__main__:/nfs_scratch/psiddire/tmpdUjR8TLFVMuTauAnalyserGen-VBFHToWWTo2L2Nu_M125_13TeV_powheg_pythia8_v6-v1/job.dag: STATUS_SUBMITTED stats: [33mSTATUS_SUBMITTED[0m(1)
INFO:__main__:/nfs_scratch/psiddire/tmpdUjR8TLFVMuTauAnalyserGen-VBFHToWWTo2L2Nu_M125_13TeV_powheg_pythia8_v6-v1/job.dag: STATUS_SUBMITTED stats: [33mSTATUS_SUBMITTED[0m(1)
INFO:__main__:/nfs_scratch/psiddire/tmpdUjR8TLFVMuTauAnalyserGen-VBFHToWWTo2L2Nu_M125_13TeV_powheg_pythia8_v6-v1/job.dag: STATUS_SUBMITTED stats: [33mSTATUS_SUBMITTED[0m(1)
INFO:__main__:/nfs_scratch/psiddire/tmpdUjR8TLFVMuTauAnalyserGen-VBFHToWWTo2L2Nu_M125_13TeV_powheg_pythia8_v6-v1/job.dag: STATUS_SUBMITTED stats: [33mSTATUS_SUBMITTED[0m(1)
INFO:__main__:/nfs_scratch/psiddire/tmpdUjR8TLFVMuTauAnalyserGen-VBFHToWWTo2L2Nu_M125_13TeV_powheg_pythia8_v6-v1/job.dag: STATUS_SUBMITTED stats: [33mSTATUS_SUBMITTED[0m(1)
INFO:__main__:/nfs_scratch/psiddire/tmpdUjR8TLFVMuTauAnalyserGen-VBFHToWWTo2L2Nu_M125_13TeV_powheg_pythia8_v6-v1/job.dag: STATUS_SUBMITTED stats: [33mSTATUS_SUBMITTED[0m(1)
INFO:__main__:/nfs_scratch/psiddire/tmpdUjR8TLFVMuTauAnalyserGen-VBFHToWWTo2L2Nu_M125_13TeV_powheg_pythia8_v6-v1/job.dag: STATUS_SUBMITTED stats: [33mSTATUS_SUBMITTED[0m(1)
INFO:__main__:/nfs_scratch/psiddire/tmpdUjR8TLFVMuTauAnalyserGen-VBFHToWWTo2L2Nu_M125_13TeV_powheg_pythia8_v6-v1/job.dag: STATUS_SUBMITTED stats: [33mSTATUS_SUBMITTED[0m(1)
INFO:__main__:/nfs_scratch/psiddire/tmpdUjR8TLFVMuTauAnalyserGen-VBFHToWWTo2L2Nu_M125_13TeV_powheg_pythia8_v6-v1/job.dag: STATUS_SUBMITTED stats: [33mSTATUS_SUBMITTED[0m(1)
INFO:__main__:/nfs_scratch/psiddire/tmpdUjR8TLFVMuTauAnalyserGen-VBFHToWWTo2L2Nu_M125_13TeV_powheg_pythia8_v6-v1/job.dag: STATUS_SUBMITTED stats: [33mSTATUS_SUBMITTED[0m(1)
INFO:__main__:/nfs_scratch/psiddire/tmpdUjR8TLFVMuTauAnalyserGen-VBFHToWWTo2L2Nu_M125_13TeV_powheg_pythia8_v6-v1/job.dag: STATUS_SUBMITTED stats: [33mSTATUS_SUBMITTED[0m(1)
INFO:__main__:/nfs_scratch/psiddire/tmpdUjR8TLFVMuTauAnalyserGen-VBFHToWWTo2L2Nu_M125_13TeV_powheg_pythia8_v6-v1/job.dag: STATUS_SUBMITTED stats: [33mSTATUS_SUBMITTED[0m(1)
INFO:__main__:/nfs_scratch/psiddire/tmpdUjR8TLFVMuTauAnalyserGen-VBFHToWWTo2L2Nu_M125_13TeV_powheg_pythia8_v6-v1/job.dag: STATUS_SUBMITTED stats: [33mSTATUS_SUBMITTED[0m(1)
INFO:__main__:/nfs_scratch/psiddire/tmpdUjR8TLFVMuTauAnalyserGen-VBFHToWWTo2L2Nu_M125_13TeV_powheg_pythia8_v6-v1/job.dag: STATUS_SUBMITTED stats: [33mSTATUS_SUBMITTED[0m(1)
INFO:__main__:/nfs_scratch/psiddire/tmpdUjR8TLFVMuTauAnalyserGen-VBFHToWWTo2L2Nu_M125_13TeV_powheg_pythia8_v6-v1/job.dag: STATUS_SUBMITTED stats: [33mSTATUS_SUBMITTED[0m(1)
INFO:__main__:/nfs_scratch/psiddire/tmpdUjR8TLFVMuTauAnalyserGen-VBFHToWWTo2L2Nu_M125_13TeV_powheg_pythia8_v6-v1/job.dag: STATUS_DONE stats: [32mSTATUS_DONE[0m(1)
INFO:__main__:Copying final output /hdfs/store/user/psiddire/MegaJob_tmpdUjR8TLFVMuTauAnalyserGen-VBFHToWWTo2L2Nu_M125_13TeV_powheg_pythia8_v6-v1//mega-batch-make_ntuples_cfg-14C89F5A-ADDE-E611-9680-0CC47AC08816.root => results/LFV_mutau/LFVMuTauAnalyserGen/VBFHToWWTo2L2Nu_M125_13TeV_powheg_pythia8_v6-v1.root
INFO:__main__:[32m/nfs_scratch/psiddire/tmpdUjR8TLFVMuTauAnalyserGen-VBFHToWWTo2L2Nu_M125_13TeV_powheg_pythia8_v6-v1/job.dag: job complete.[0m
