INFO:__main__:Processing inputs/lpairs_data_Oct9/data_SingleMuon_Run2017A_PromptReco-v3.txt using LFVMuTauAnalyser.py, the output file will be results/lpairs_data_Oct9/LFVMuTauAnalyser/data_SingleMuon_Run2017A_PromptReco-v3.root
INFO:__main__:Generating submit scripts in /nfs_scratch/psiddire/tmpSzzs8qLFVMuTauAnalyser-data_SingleMuon_Run2017A_PromptReco-v3
INFO:FinalStateAnalysis.PlotTools.MegaPath:Checking inputs file inputs/lpairs_data_Oct9/data_SingleMuon_Run2017A_PromptReco-v3.txt exists...
INFO:__main__:Running over 90 files in 9 jobs
Generating submit files in /nfs_scratch/psiddire/tmpSzzs8qLFVMuTauAnalyser-data_SingleMuon_Run2017A_PromptReco-v3/analyze...
.........
Submit DAG file /nfs_scratch/psiddire/tmpSzzs8qLFVMuTauAnalyser-data_SingleMuon_Run2017A_PromptReco-v3/job.dag has been created but not submitted.
Jobs for Analyze are created in /nfs_scratch/psiddire/tmpSzzs8qLFVMuTauAnalyser-data_SingleMuon_Run2017A_PromptReco-v3/analyze
Using HADD method to merge files
Increasing vsize limit from 3000 MB to 6000 MB
Copying 52037567 bytes file:///nfs_scratch/psiddire/tmpSzzs8qLFVMuTauAnalyser-data_SingleMuon_Run2017A_PromptReco-v3/FinalMerged/user_code.tgz => srm://cmssrm2.hep.wisc.edu:8443/srm/v2/server?SFN=/hdfs/HighReplicaCondorUserFiles//nfs_scratch/psiddire/tmpSzzs8qLFVMuTauAnalyser-data_SingleMuon_Run2017A_PromptReco-v3/FinalMerged/user_code.tgz
Generating submit files in /nfs_scratch/psiddire/tmpSzzs8qLFVMuTauAnalyser-data_SingleMuon_Run2017A_PromptReco-v3/FinalMerged...
.
Submitting job(s).
1 job(s) submitted to cluster 2390419.

-----------------------------------------------------------------------
File for submitting this DAG to HTCondor           : /nfs_scratch/psiddire/tmpSzzs8qLFVMuTauAnalyser-data_SingleMuon_Run2017A_PromptReco-v3/job.dag.condor.sub
Log of DAGMan debugging messages                 : /nfs_scratch/psiddire/tmpSzzs8qLFVMuTauAnalyser-data_SingleMuon_Run2017A_PromptReco-v3/job.dag.dagman.out
Log of HTCondor library output                     : /nfs_scratch/psiddire/tmpSzzs8qLFVMuTauAnalyser-data_SingleMuon_Run2017A_PromptReco-v3/job.dag.lib.out
Log of HTCondor library error messages             : /nfs_scratch/psiddire/tmpSzzs8qLFVMuTauAnalyser-data_SingleMuon_Run2017A_PromptReco-v3/job.dag.lib.err
Log of the life of condor_dagman itself          : /nfs_scratch/psiddire/tmpSzzs8qLFVMuTauAnalyser-data_SingleMuon_Run2017A_PromptReco-v3/job.dag.dagman.log

-----------------------------------------------------------------------
You can monitor your workflow's progess by watching /nfs_scratch/psiddire/tmpSzzs8qLFVMuTauAnalyser-data_SingleMuon_Run2017A_PromptReco-v3/job.dag.dagman.out
A summary of the status of all of the jobs in your workflow will be
written to the following file every 60 seconds:
  /nfs_scratch/psiddire/tmpSzzs8qLFVMuTauAnalyser-data_SingleMuon_Run2017A_PromptReco-v3/job.dag.status

Your jobs should show up in ~6 minutes
at the NEW job monitoring web page :
    http://www.hep.wisc.edu/cms/comp/jobs/
Jobs for FinalMerged are created in /nfs_scratch/psiddire/tmpSzzs8qLFVMuTauAnalyser-data_SingleMuon_Run2017A_PromptReco-v3/FinalMerged
INFO:__main__:Waiting for job to complete
INFO:__main__:/nfs_scratch/psiddire/tmpSzzs8qLFVMuTauAnalyser-data_SingleMuon_Run2017A_PromptReco-v3/job.dag: STATUS_SUBMITTED stats: [33mSTATUS_SUBMITTED[0m(9) [34mSTATUS_NOT_READY[0m(1)
INFO:__main__:/nfs_scratch/psiddire/tmpSzzs8qLFVMuTauAnalyser-data_SingleMuon_Run2017A_PromptReco-v3/job.dag: STATUS_SUBMITTED stats: [33mSTATUS_SUBMITTED[0m(9) [34mSTATUS_NOT_READY[0m(1)
INFO:__main__:/nfs_scratch/psiddire/tmpSzzs8qLFVMuTauAnalyser-data_SingleMuon_Run2017A_PromptReco-v3/job.dag: STATUS_SUBMITTED stats: [33mSTATUS_SUBMITTED[0m(9) [34mSTATUS_NOT_READY[0m(1)
INFO:__main__:/nfs_scratch/psiddire/tmpSzzs8qLFVMuTauAnalyser-data_SingleMuon_Run2017A_PromptReco-v3/job.dag: STATUS_SUBMITTED stats: [33mSTATUS_SUBMITTED[0m(9) [34mSTATUS_NOT_READY[0m(1)
INFO:__main__:/nfs_scratch/psiddire/tmpSzzs8qLFVMuTauAnalyser-data_SingleMuon_Run2017A_PromptReco-v3/job.dag: STATUS_SUBMITTED stats: [33mSTATUS_SUBMITTED[0m(9) [34mSTATUS_NOT_READY[0m(1)
INFO:__main__:/nfs_scratch/psiddire/tmpSzzs8qLFVMuTauAnalyser-data_SingleMuon_Run2017A_PromptReco-v3/job.dag: STATUS_SUBMITTED stats: [33mSTATUS_SUBMITTED[0m(9) [34mSTATUS_NOT_READY[0m(1)
INFO:__main__:/nfs_scratch/psiddire/tmpSzzs8qLFVMuTauAnalyser-data_SingleMuon_Run2017A_PromptReco-v3/job.dag: STATUS_SUBMITTED stats: [33mSTATUS_SUBMITTED[0m(9) [34mSTATUS_NOT_READY[0m(1)
INFO:__main__:/nfs_scratch/psiddire/tmpSzzs8qLFVMuTauAnalyser-data_SingleMuon_Run2017A_PromptReco-v3/job.dag: STATUS_SUBMITTED stats: [33mSTATUS_SUBMITTED[0m(9) [34mSTATUS_NOT_READY[0m(1)
INFO:__main__:/nfs_scratch/psiddire/tmpSzzs8qLFVMuTauAnalyser-data_SingleMuon_Run2017A_PromptReco-v3/job.dag: STATUS_SUBMITTED stats: [33mSTATUS_SUBMITTED[0m(9) [34mSTATUS_NOT_READY[0m(1)
INFO:__main__:/nfs_scratch/psiddire/tmpSzzs8qLFVMuTauAnalyser-data_SingleMuon_Run2017A_PromptReco-v3/job.dag: STATUS_SUBMITTED stats: [33mSTATUS_SUBMITTED[0m(9) [34mSTATUS_NOT_READY[0m(1)
INFO:__main__:/nfs_scratch/psiddire/tmpSzzs8qLFVMuTauAnalyser-data_SingleMuon_Run2017A_PromptReco-v3/job.dag: STATUS_SUBMITTED stats: [33mSTATUS_SUBMITTED[0m(9) [34mSTATUS_NOT_READY[0m(1)
INFO:__main__:/nfs_scratch/psiddire/tmpSzzs8qLFVMuTauAnalyser-data_SingleMuon_Run2017A_PromptReco-v3/job.dag: STATUS_SUBMITTED stats: [33mSTATUS_SUBMITTED[0m(9) [34mSTATUS_NOT_READY[0m(1)
INFO:__main__:/nfs_scratch/psiddire/tmpSzzs8qLFVMuTauAnalyser-data_SingleMuon_Run2017A_PromptReco-v3/job.dag: STATUS_SUBMITTED stats: [33mSTATUS_SUBMITTED[0m(9) [34mSTATUS_NOT_READY[0m(1)
INFO:__main__:/nfs_scratch/psiddire/tmpSzzs8qLFVMuTauAnalyser-data_SingleMuon_Run2017A_PromptReco-v3/job.dag: STATUS_SUBMITTED stats: [33mSTATUS_SUBMITTED[0m(9) [34mSTATUS_NOT_READY[0m(1)
INFO:__main__:/nfs_scratch/psiddire/tmpSzzs8qLFVMuTauAnalyser-data_SingleMuon_Run2017A_PromptReco-v3/job.dag: STATUS_SUBMITTED stats: [33mSTATUS_SUBMITTED[0m(8) [32mSTATUS_DONE[0m(1) [34mSTATUS_NOT_READY[0m(1)
INFO:__main__:/nfs_scratch/psiddire/tmpSzzs8qLFVMuTauAnalyser-data_SingleMuon_Run2017A_PromptReco-v3/job.dag: STATUS_SUBMITTED stats: [33mSTATUS_SUBMITTED[0m(8) [32mSTATUS_DONE[0m(1) [34mSTATUS_NOT_READY[0m(1)
INFO:__main__:/nfs_scratch/psiddire/tmpSzzs8qLFVMuTauAnalyser-data_SingleMuon_Run2017A_PromptReco-v3/job.dag: STATUS_SUBMITTED stats: [33mSTATUS_SUBMITTED[0m(8) [32mSTATUS_DONE[0m(1) [34mSTATUS_NOT_READY[0m(1)
INFO:__main__:/nfs_scratch/psiddire/tmpSzzs8qLFVMuTauAnalyser-data_SingleMuon_Run2017A_PromptReco-v3/job.dag: STATUS_SUBMITTED stats: [33mSTATUS_SUBMITTED[0m(8) [32mSTATUS_DONE[0m(1) [34mSTATUS_NOT_READY[0m(1)
INFO:__main__:/nfs_scratch/psiddire/tmpSzzs8qLFVMuTauAnalyser-data_SingleMuon_Run2017A_PromptReco-v3/job.dag: STATUS_SUBMITTED stats: [33mSTATUS_SUBMITTED[0m(8) [32mSTATUS_DONE[0m(1) [34mSTATUS_NOT_READY[0m(1)
INFO:__main__:/nfs_scratch/psiddire/tmpSzzs8qLFVMuTauAnalyser-data_SingleMuon_Run2017A_PromptReco-v3/job.dag: STATUS_SUBMITTED stats: [33mSTATUS_SUBMITTED[0m(8) [32mSTATUS_DONE[0m(1) [34mSTATUS_NOT_READY[0m(1)
INFO:__main__:/nfs_scratch/psiddire/tmpSzzs8qLFVMuTauAnalyser-data_SingleMuon_Run2017A_PromptReco-v3/job.dag: STATUS_SUBMITTED stats: [33mSTATUS_SUBMITTED[0m(2) [32mSTATUS_DONE[0m(7) [34mSTATUS_NOT_READY[0m(1)
INFO:__main__:/nfs_scratch/psiddire/tmpSzzs8qLFVMuTauAnalyser-data_SingleMuon_Run2017A_PromptReco-v3/job.dag: STATUS_SUBMITTED stats: [33mSTATUS_SUBMITTED[0m(2) [32mSTATUS_DONE[0m(7) [34mSTATUS_NOT_READY[0m(1)
INFO:__main__:/nfs_scratch/psiddire/tmpSzzs8qLFVMuTauAnalyser-data_SingleMuon_Run2017A_PromptReco-v3/job.dag: STATUS_SUBMITTED stats: [33mSTATUS_SUBMITTED[0m(2) [32mSTATUS_DONE[0m(7) [34mSTATUS_NOT_READY[0m(1)
INFO:__main__:/nfs_scratch/psiddire/tmpSzzs8qLFVMuTauAnalyser-data_SingleMuon_Run2017A_PromptReco-v3/job.dag: STATUS_SUBMITTED stats: [33mSTATUS_SUBMITTED[0m(2) [32mSTATUS_DONE[0m(7) [34mSTATUS_NOT_READY[0m(1)
INFO:__main__:/nfs_scratch/psiddire/tmpSzzs8qLFVMuTauAnalyser-data_SingleMuon_Run2017A_PromptReco-v3/job.dag: STATUS_SUBMITTED stats: [33mSTATUS_SUBMITTED[0m(2) [32mSTATUS_DONE[0m(7) [34mSTATUS_NOT_READY[0m(1)
INFO:__main__:/nfs_scratch/psiddire/tmpSzzs8qLFVMuTauAnalyser-data_SingleMuon_Run2017A_PromptReco-v3/job.dag: STATUS_SUBMITTED stats: [33mSTATUS_SUBMITTED[0m(2) [32mSTATUS_DONE[0m(7) [34mSTATUS_NOT_READY[0m(1)
INFO:__main__:/nfs_scratch/psiddire/tmpSzzs8qLFVMuTauAnalyser-data_SingleMuon_Run2017A_PromptReco-v3/job.dag: STATUS_SUBMITTED stats: [33mSTATUS_SUBMITTED[0m(1) [32mSTATUS_DONE[0m(9)
INFO:__main__:/nfs_scratch/psiddire/tmpSzzs8qLFVMuTauAnalyser-data_SingleMuon_Run2017A_PromptReco-v3/job.dag: STATUS_SUBMITTED stats: [33mSTATUS_SUBMITTED[0m(1) [32mSTATUS_DONE[0m(9)
INFO:__main__:/nfs_scratch/psiddire/tmpSzzs8qLFVMuTauAnalyser-data_SingleMuon_Run2017A_PromptReco-v3/job.dag: STATUS_SUBMITTED stats: [33mSTATUS_SUBMITTED[0m(1) [32mSTATUS_DONE[0m(9)
INFO:__main__:/nfs_scratch/psiddire/tmpSzzs8qLFVMuTauAnalyser-data_SingleMuon_Run2017A_PromptReco-v3/job.dag: STATUS_SUBMITTED stats: [33mSTATUS_SUBMITTED[0m(1) [32mSTATUS_DONE[0m(9)
INFO:__main__:/nfs_scratch/psiddire/tmpSzzs8qLFVMuTauAnalyser-data_SingleMuon_Run2017A_PromptReco-v3/job.dag: STATUS_SUBMITTED stats: [33mSTATUS_SUBMITTED[0m(1) [32mSTATUS_DONE[0m(9)
INFO:__main__:/nfs_scratch/psiddire/tmpSzzs8qLFVMuTauAnalyser-data_SingleMuon_Run2017A_PromptReco-v3/job.dag: STATUS_SUBMITTED stats: [33mSTATUS_SUBMITTED[0m(1) [32mSTATUS_DONE[0m(9)
INFO:__main__:/nfs_scratch/psiddire/tmpSzzs8qLFVMuTauAnalyser-data_SingleMuon_Run2017A_PromptReco-v3/job.dag: STATUS_SUBMITTED stats: [33mSTATUS_SUBMITTED[0m(1) [32mSTATUS_DONE[0m(9)
INFO:__main__:/nfs_scratch/psiddire/tmpSzzs8qLFVMuTauAnalyser-data_SingleMuon_Run2017A_PromptReco-v3/job.dag: STATUS_SUBMITTED stats: [33mSTATUS_SUBMITTED[0m(1) [32mSTATUS_DONE[0m(9)
INFO:__main__:/nfs_scratch/psiddire/tmpSzzs8qLFVMuTauAnalyser-data_SingleMuon_Run2017A_PromptReco-v3/job.dag: STATUS_SUBMITTED stats: [33mSTATUS_SUBMITTED[0m(1) [32mSTATUS_DONE[0m(9)
INFO:__main__:/nfs_scratch/psiddire/tmpSzzs8qLFVMuTauAnalyser-data_SingleMuon_Run2017A_PromptReco-v3/job.dag: STATUS_SUBMITTED stats: [33mSTATUS_SUBMITTED[0m(1) [32mSTATUS_DONE[0m(9)
INFO:__main__:/nfs_scratch/psiddire/tmpSzzs8qLFVMuTauAnalyser-data_SingleMuon_Run2017A_PromptReco-v3/job.dag: STATUS_SUBMITTED stats: [33mSTATUS_SUBMITTED[0m(1) [32mSTATUS_DONE[0m(9)
INFO:__main__:/nfs_scratch/psiddire/tmpSzzs8qLFVMuTauAnalyser-data_SingleMuon_Run2017A_PromptReco-v3/job.dag: STATUS_SUBMITTED stats: [33mSTATUS_SUBMITTED[0m(1) [32mSTATUS_DONE[0m(9)
INFO:__main__:/nfs_scratch/psiddire/tmpSzzs8qLFVMuTauAnalyser-data_SingleMuon_Run2017A_PromptReco-v3/job.dag: STATUS_SUBMITTED stats: [33mSTATUS_SUBMITTED[0m(1) [32mSTATUS_DONE[0m(9)
INFO:__main__:/nfs_scratch/psiddire/tmpSzzs8qLFVMuTauAnalyser-data_SingleMuon_Run2017A_PromptReco-v3/job.dag: STATUS_SUBMITTED stats: [33mSTATUS_SUBMITTED[0m(1) [32mSTATUS_DONE[0m(9)
INFO:__main__:/nfs_scratch/psiddire/tmpSzzs8qLFVMuTauAnalyser-data_SingleMuon_Run2017A_PromptReco-v3/job.dag: STATUS_SUBMITTED stats: [33mSTATUS_SUBMITTED[0m(1) [32mSTATUS_DONE[0m(9)
INFO:__main__:/nfs_scratch/psiddire/tmpSzzs8qLFVMuTauAnalyser-data_SingleMuon_Run2017A_PromptReco-v3/job.dag: STATUS_SUBMITTED stats: [33mSTATUS_SUBMITTED[0m(1) [32mSTATUS_DONE[0m(9)
INFO:__main__:/nfs_scratch/psiddire/tmpSzzs8qLFVMuTauAnalyser-data_SingleMuon_Run2017A_PromptReco-v3/job.dag: STATUS_SUBMITTED stats: [33mSTATUS_SUBMITTED[0m(1) [32mSTATUS_DONE[0m(9)
INFO:__main__:/nfs_scratch/psiddire/tmpSzzs8qLFVMuTauAnalyser-data_SingleMuon_Run2017A_PromptReco-v3/job.dag: STATUS_SUBMITTED stats: [33mSTATUS_SUBMITTED[0m(1) [32mSTATUS_DONE[0m(9)
INFO:__main__:/nfs_scratch/psiddire/tmpSzzs8qLFVMuTauAnalyser-data_SingleMuon_Run2017A_PromptReco-v3/job.dag: STATUS_SUBMITTED stats: [33mSTATUS_SUBMITTED[0m(1) [32mSTATUS_DONE[0m(9)
INFO:__main__:/nfs_scratch/psiddire/tmpSzzs8qLFVMuTauAnalyser-data_SingleMuon_Run2017A_PromptReco-v3/job.dag: STATUS_SUBMITTED stats: [33mSTATUS_SUBMITTED[0m(1) [32mSTATUS_DONE[0m(9)
INFO:__main__:/nfs_scratch/psiddire/tmpSzzs8qLFVMuTauAnalyser-data_SingleMuon_Run2017A_PromptReco-v3/job.dag: STATUS_DONE stats: [32mSTATUS_DONE[0m(10)
INFO:__main__:Copying final output /hdfs/store/user/psiddire/MegaJob_tmpSzzs8qLFVMuTauAnalyser-data_SingleMuon_Run2017A_PromptReco-v3//mergeFilesJob-mega-batch-make_ntuples_cfg-88CA307A-2256-E711-AA73-02163E01A43F.root => results/lpairs_data_Oct9/LFVMuTauAnalyser/data_SingleMuon_Run2017A_PromptReco-v3.root
INFO:__main__:[32m/nfs_scratch/psiddire/tmpSzzs8qLFVMuTauAnalyser-data_SingleMuon_Run2017A_PromptReco-v3/job.dag: job complete.[0m
