INFO:__main__:Processing inputs/lpairs_mc_Oct13/ST_t-channel_top_4f_inclusiveDecays_13TeV-powhegV2-madspin-pythia8_TuneCUETP8M1_v6-v1.txt using MuMuAnalyser.py, the output file will be results/lpairs_mc_Oct13/MuMuAnalyser/ST_t-channel_top_4f_inclusiveDecays_13TeV-powhegV2-madspin-pythia8_TuneCUETP8M1_v6-v1.root
INFO:__main__:Generating submit scripts in /nfs_scratch/psiddire/tmpUJBWbpMuMuAnalyser-ST_t-channel_top_4f_inclusiveDecays_13TeV-powhegV2-madspin-pythia8_TuneCUETP8M1_v6-v1
INFO:FinalStateAnalysis.PlotTools.MegaPath:Checking inputs file inputs/lpairs_mc_Oct13/ST_t-channel_top_4f_inclusiveDecays_13TeV-powhegV2-madspin-pythia8_TuneCUETP8M1_v6-v1.txt exists...
INFO:__main__:Running over 723 files in 73 jobs
Generating submit files in /nfs_scratch/psiddire/tmpUJBWbpMuMuAnalyser-ST_t-channel_top_4f_inclusiveDecays_13TeV-powhegV2-madspin-pythia8_TuneCUETP8M1_v6-v1/analyze...
.........................................................................
Submit DAG file /nfs_scratch/psiddire/tmpUJBWbpMuMuAnalyser-ST_t-channel_top_4f_inclusiveDecays_13TeV-powhegV2-madspin-pythia8_TuneCUETP8M1_v6-v1/job.dag has been created but not submitted.
Jobs for Analyze are created in /nfs_scratch/psiddire/tmpUJBWbpMuMuAnalyser-ST_t-channel_top_4f_inclusiveDecays_13TeV-powhegV2-madspin-pythia8_TuneCUETP8M1_v6-v1/analyze
Using HADD method to merge files
Increasing vsize limit from 3000 MB to 6000 MB
Copying 52043743 bytes file:///nfs_scratch/psiddire/tmpUJBWbpMuMuAnalyser-ST_t-channel_top_4f_inclusiveDecays_13TeV-powhegV2-madspin-pythia8_TuneCUETP8M1_v6-v1/MergeLayer0/user_code.tgz => srm://cmssrm2.hep.wisc.edu:8443/srm/v2/server?SFN=/hdfs/HighReplicaCondorUserFiles//nfs_scratch/psiddire/tmpUJBWbpMuMuAnalyser-ST_t-channel_top_4f_inclusiveDecays_13TeV-powhegV2-madspin-pythia8_TuneCUETP8M1_v6-v1/MergeLayer0/user_code.tgz
ERROR (70): DESTINATION OVERWRITE srm-ifce err: Communication error on send, err: [SE][srmRm][] httpg://cmssrm2.hep.wisc.edu:8443/srm/v2/server: CGSI-gSOAP running on login01.hep.wisc.edu reports Could NOT load client credentials
GSS Major Status: General failure

GSS Minor Status Error Chain:
globus_gsi_gssapi: Error with GSI credential
globus_gsi_gssapi: Error with gss credential handle
globus_credential: Valid credentials could not be found in any of the possible locations specified by the credential search order.
Valid credentials coul
Generating submit files in /nfs_scratch/psiddire/tmpUJBWbpMuMuAnalyser-ST_t-channel_top_4f_inclusiveDecays_13TeV-powhegV2-madspin-pythia8_TuneCUETP8M1_v6-v1/MergeLayer0...
........
Submit DAG file /nfs_scratch/psiddire/tmpUJBWbpMuMuAnalyser-ST_t-channel_top_4f_inclusiveDecays_13TeV-powhegV2-madspin-pythia8_TuneCUETP8M1_v6-v1/job.dag has been created but not submitted.
Jobs for MergeLayer0 are created in /nfs_scratch/psiddire/tmpUJBWbpMuMuAnalyser-ST_t-channel_top_4f_inclusiveDecays_13TeV-powhegV2-madspin-pythia8_TuneCUETP8M1_v6-v1/MergeLayer0
Using HADD method to merge files
Increasing vsize limit from 3000 MB to 6000 MB

NOTE: No grid proxy found.  (Expecting to find it here: /tmp/x509up_u23227.)

Either rerun this command with --no-submit or create a new grid proxy
and rerun this command.  Example of how to create a grid proxy:

voms-proxy-init --voms=cms --valid=48:00
Traceback (most recent call last):
  File "/afs/hep.wisc.edu/user/psiddire/work/src/FinalStateAnalysis//PlotTools/scripts/mega-farmout", line 169, in <module>
    subprocess.check_call(merge_cmd)
  File "/cvmfs/cms.cern.ch/slc6_amd64_gcc530/external/python/2.7.11-ikhhed2/lib/python2.7/subprocess.py", line 540, in check_call
    raise CalledProcessError(retcode, cmd)
subprocess.CalledProcessError: Command '['farmoutAnalysisJobs', '--submit-dir=/nfs_scratch/psiddire/tmpUJBWbpMuMuAnalyser-ST_t-channel_top_4f_inclusiveDecays_13TeV-powhegV2-madspin-pythia8_TuneCUETP8M1_v6-v1/FinalMerged', '--last-submit-dir=/nfs_scratch/psiddire/tmpUJBWbpMuMuAnalyser-ST_t-channel_top_4f_inclusiveDecays_13TeV-powhegV2-madspin-pythia8_TuneCUETP8M1_v6-v1/MergeLayer0', '--output-dag-file=/nfs_scratch/psiddire/tmpUJBWbpMuMuAnalyser-ST_t-channel_top_4f_inclusiveDecays_13TeV-powhegV2-madspin-pythia8_TuneCUETP8M1_v6-v1/job.dag', '--input-files-per-job=10', '--output-dir=srm://cmssrm2.hep.wisc.edu:8443/srm/v2/server?SFN=/hdfs/store/user/psiddire/MegaJob_tmpUJBWbpMuMuAnalyser-ST_t-channel_top_4f_inclusiveDecays_13TeV-powhegV2-madspin-pythia8_TuneCUETP8M1_v6-v1/', '--infer-cmssw-path', '--merge', '--use-hadd', 'FinalMerged']' returned non-zero exit status 1
