INFO:__main__:Processing inputs/lpairs_mc_Oct13/WGstarToLNuEE_012Jets_13TeV-madgraph_v6-v1.txt using MuMuAnalyser.py, the output file will be results/lpairs_mc_Oct13/MuMuAnalyser/WGstarToLNuEE_012Jets_13TeV-madgraph_v6-v1.root
INFO:__main__:Generating submit scripts in /nfs_scratch/psiddire/tmpNYEaDUMuMuAnalyser-WGstarToLNuEE_012Jets_13TeV-madgraph_v6-v1
INFO:FinalStateAnalysis.PlotTools.MegaPath:Checking inputs file inputs/lpairs_mc_Oct13/WGstarToLNuEE_012Jets_13TeV-madgraph_v6-v1.txt exists...
INFO:__main__:Running over 28 files in 3 jobs
Generating submit files in /nfs_scratch/psiddire/tmpNYEaDUMuMuAnalyser-WGstarToLNuEE_012Jets_13TeV-madgraph_v6-v1/analyze...
...
Submit DAG file /nfs_scratch/psiddire/tmpNYEaDUMuMuAnalyser-WGstarToLNuEE_012Jets_13TeV-madgraph_v6-v1/job.dag has been created but not submitted.
Jobs for Analyze are created in /nfs_scratch/psiddire/tmpNYEaDUMuMuAnalyser-WGstarToLNuEE_012Jets_13TeV-madgraph_v6-v1/analyze
Using HADD method to merge files
Increasing vsize limit from 3000 MB to 6000 MB

NOTE: No grid proxy found.  (Expecting to find it here: /tmp/x509up_u23227.)

Either rerun this command with --no-submit or create a new grid proxy
and rerun this command.  Example of how to create a grid proxy:

voms-proxy-init --voms=cms --valid=48:00
Traceback (most recent call last):
  File "/afs/hep.wisc.edu/user/psiddire/work/src/FinalStateAnalysis//PlotTools/scripts/mega-farmout", line 169, in <module>
    subprocess.check_call(merge_cmd)
  File "/cvmfs/cms.cern.ch/slc6_amd64_gcc530/external/python/2.7.11-ikhhed2/lib/python2.7/subprocess.py", line 540, in check_call
    raise CalledProcessError(retcode, cmd)
subprocess.CalledProcessError: Command '['farmoutAnalysisJobs', '--submit-dir=/nfs_scratch/psiddire/tmpNYEaDUMuMuAnalyser-WGstarToLNuEE_012Jets_13TeV-madgraph_v6-v1/FinalMerged', '--last-submit-dir=/nfs_scratch/psiddire/tmpNYEaDUMuMuAnalyser-WGstarToLNuEE_012Jets_13TeV-madgraph_v6-v1/analyze', '--output-dag-file=/nfs_scratch/psiddire/tmpNYEaDUMuMuAnalyser-WGstarToLNuEE_012Jets_13TeV-madgraph_v6-v1/job.dag', '--input-files-per-job=10', '--output-dir=srm://cmssrm2.hep.wisc.edu:8443/srm/v2/server?SFN=/hdfs/store/user/psiddire/MegaJob_tmpNYEaDUMuMuAnalyser-WGstarToLNuEE_012Jets_13TeV-madgraph_v6-v1/', '--infer-cmssw-path', '--merge', '--use-hadd', 'FinalMerged']' returned non-zero exit status 1
